0 info it worked if it ends with ok
1 verbose cli [ 'node', '/usr/local/bin/npm', 'install', 'buckets' ]
2 info using npm@1.1.44
3 info using node@v0.8.0
4 verbose node symlink /usr/local/bin/node
5 verbose config file /Users/hjing/.npmrc
6 verbose config file /usr/local/etc/npmrc
7 verbose config file /usr/local/lib/node_modules/npm/npmrc
8 verbose read json /Users/hjing/Documents/Code/work/peopledata/nodejs/package.json
9 warn package.json application-name@0.0.1 No README.md file found!
10 verbose read json /Users/hjing/Documents/Code/work/peopledata/nodejs/node_modules/express/package.json
11 verbose read json /Users/hjing/Documents/Code/work/peopledata/nodejs/node_modules/jade/package.json
12 verbose read json /Users/hjing/Documents/Code/work/peopledata/nodejs/node_modules/mongodb/package.json
13 verbose read json /Users/hjing/Documents/Code/work/peopledata/nodejs/node_modules/mongojs/package.json
14 verbose read json /Users/hjing/Documents/Code/work/peopledata/nodejs/node_modules/mongoose/package.json
15 verbose read json /Users/hjing/Documents/Code/work/peopledata/nodejs/node_modules/nodemon/package.json
16 verbose from cache /Users/hjing/Documents/Code/work/peopledata/nodejs/package.json
17 verbose readDependencies using package.json deps
18 verbose cache add [ 'buckets', null ]
19 silly cache add name=undefined spec="buckets" args=["buckets",null]
20 verbose parsed url { pathname: 'buckets', path: 'buckets', href: 'buckets' }
21 silly lockFile 10ec0779-buckets buckets
22 verbose lock buckets /Users/hjing/.npm/10ec0779-buckets.lock
23 silly lockFile 10ec0779-buckets buckets
24 verbose addNamed [ 'buckets', '' ]
25 verbose addNamed [ null, '' ]
26 silly lockFile e3681d78-buckets buckets@
27 verbose lock buckets@ /Users/hjing/.npm/e3681d78-buckets.lock
28 silly addNameRange { name: 'buckets', range: '', hasData: false }
29 verbose url raw buckets
30 verbose url resolving [ 'https://registry.npmjs.org/', './buckets' ]
31 verbose url resolved https://registry.npmjs.org/buckets
32 info retry registry request attempt 1 at 15:42:07
33 http GET https://registry.npmjs.org/buckets
34 http 404 https://registry.npmjs.org/buckets
35 silly registry.get cb [ 404,
35 silly registry.get   { server: 'CouchDB/1.2.1 (Erlang OTP/R15B)',
35 silly registry.get     date: 'Thu, 17 Jan 2013 23:40:39 GMT',
35 silly registry.get     'content-type': 'application/json',
35 silly registry.get     'content-length': '52',
35 silly registry.get     'cache-control': 'must-revalidate' } ]
36 silly lockFile e3681d78-buckets buckets@
37 error 404 'buckets' is not in the npm registry.
37 error 404 You should bug the author to publish it
37 error 404
37 error 404 Note that you can also install from a
37 error 404 tarball, folder, or http url, or git url.
38 error System Darwin 11.4.0
39 error command "node" "/usr/local/bin/npm" "install" "buckets"
40 error cwd /Users/hjing/Documents/Code/work/peopledata/nodejs
41 error node -v v0.8.0
42 error npm -v 1.1.44
43 error code E404
44 error stack Error: 404 Not Found: buckets
44 error stack     at RegClient.<anonymous> (/usr/local/lib/node_modules/npm/node_modules/npm-registry-client/lib/request.js:242:14)
44 error stack     at Request.init.self.callback (/usr/local/lib/node_modules/npm/node_modules/request/main.js:120:22)
44 error stack     at Request.EventEmitter.emit (events.js:91:17)
44 error stack     at Request.<anonymous> (/usr/local/lib/node_modules/npm/node_modules/request/main.js:555:16)
44 error stack     at Request.EventEmitter.emit (events.js:88:17)
44 error stack     at IncomingMessage.Request.start.self.req.self.httpModule.request.buffer (/usr/local/lib/node_modules/npm/node_modules/request/main.js:517:14)
44 error stack     at IncomingMessage.EventEmitter.emit (events.js:115:20)
44 error stack     at IncomingMessage._emitEnd (http.js:366:10)
44 error stack     at HTTPParser.parserOnMessageComplete [as onMessageComplete] (http.js:149:23)
44 error stack     at CleartextStream.socketOnData (http.js:1356:20)
45 verbose exit [ 1, true ]
